<?xml version="1.0" encoding="UTF-8"?>
<!-- Generated by org.testng.reporters.JUnitReportReporter -->
<testsuite hostname="DESKTOP-KCNMPTA" failures="0" tests="2" name="velos.testcases.NewTest" time="2.962" errors="0" timestamp="2020-02-02T20:41:04 IST" skipped="0">
  <testcase classname="velos.testcases.NewTest" name="login" time="0.651"/>
  <testcase classname="velos.testcases.NewTest" name="Newshipment" time="2.311"/>
</testsuite> <!-- velos.testcases.NewTest -->
